<?xml version="1.0" encoding="UTF-8"?>
<testsuite xmlns:xsi="http://www.w3.org/2001/XMLSchema-instance" xsi:noNamespaceSchemaLocation="https://maven.apache.org/surefire/maven-surefire-plugin/xsd/surefire-test-report-3.0.xsd" version="3.0" name="dev.codescreen.BankServiceTest" time="0.112" tests="11" errors="0" skipped="0" failures="0">
  <properties>
[...]
</properties>
  <testcase name="authorizationTransactionOnZeroBalanceAccount" classname="dev.codescreen.BankServiceTest" time="0.064"/>
  <testcase name="authorizationTransactionDenied" classname="dev.codescreen.BankServiceTest" time="0.001"/>
  <testcase name="loadTransactionFirst" classname="dev.codescreen.BankServiceTest" time="0.001"/>
  <testcase name="loadTransactionSecond" classname="dev.codescreen.BankServiceTest" time="0.002"/>
  <testcase name="authorizeTransactions" classname="dev.codescreen.BankServiceTest" time="0.0"/>
  <testcase name="authorizeZeroaccount" classname="dev.codescreen.BankServiceTest" time="0.001"/>
  <testcase name="authorizationTransactionOnAnotherAccount" classname="dev.codescreen.BankServiceTest" time="0.001"/>
  <testcase name="loadTransactionOnNewAccount" classname="dev.codescreen.BankServiceTest" time="0.001"/>
  <testcase name="loadTransactions" classname="dev.codescreen.BankServiceTest" time="0.002"/>
  <testcase name="authorizationTransactionValid" classname="dev.codescreen.BankServiceTest" time="0.001"/>
  <testcase name="allTransactions" classname="dev.codescreen.BankServiceTest" time="0.001"/>
</testsuite>